<?xml version="1.0" encoding="UTF-8"?>
<testsuite xmlns:xsi="http://www.w3.org/2001/XMLSchema-instance" xsi:noNamespaceSchemaLocation="https://maven.apache.org/surefire/maven-surefire-plugin/xsd/surefire-test-report-3.0.xsd" version="3.0" name="Wikipedia Search Functionality" time="58.764" tests="3" errors="0" skipped="0" failures="1">
  <properties>
[...]
</properties>
  <testcase name="Wikipedia Search Functionality for Steve Jobs #1" classname="Wikipedia Search Functionality" time="22.275">
    <failure message="Steve Jobs - Wikipedia expected:&lt;Steve Jobs[]&gt; but was:&lt;Steve Jobs[ss]&gt;" type="org.junit.ComparisonFailure"><![CDATA[org.junit.ComparisonFailure: Steve Jobs - Wikipedia expected:<Steve Jobs[]> but was:<Steve Jobs[ss]>
	at org.junit.Assert.assertEquals(Assert.java:117)
	at com.loop.step_definitions.WikiSearchStepDefs.user_sees_is_in_the(WikiSearchStepDefs.java:32)
	at ✽.User sees "Steve Jobs" is in the "Steve Jobsss"(file:///Users/safailaliyev/IdeaProjects/cucumber-project-b1/src/test/resources/features/wikipedia_search.feature:8)
]]></failure>
    <system-out><![CDATA[06.07.2023 20:07:48 INFO  Hooks:21 - ...........START AUTOMATION.......LOOP ACADEMY......
06.07.2023 20:08:01 INFO  Hooks:33 - ...........END AUTOMATION.......LOOP ACADEMY.....
]]></system-out>
    <system-err><![CDATA[SLF4J: No SLF4J providers were found.
SLF4J: Defaulting to no-operation (NOP) logger implementation
SLF4J: See https://www.slf4j.org/codes.html#noProviders for further details.
Starting ChromeDriver 114.0.5735.90 (386bc09e8f4f2e025eddae123f36f6263096ae49-refs/branch-heads/5735@{#1052}) on port 44300
Only local connections are allowed.
Please see https://chromedriver.chromium.org/security-considerations for suggestions on keeping ChromeDriver safe.
ChromeDriver was started successfully.
Jul 06, 2023 8:07:48 PM org.openqa.selenium.devtools.CdpVersionFinder findNearestMatch
WARNING: Unable to find an exact match for CDP version 114, so returning the closest version found: 112
]]></system-err>
  </testcase>
  <testcase name="Wikipedia Search Functionality for Steve Jobs #2" classname="Wikipedia Search Functionality" time="17.721">
    <system-out><![CDATA[06.07.2023 20:08:06 INFO  Hooks:21 - ...........START AUTOMATION.......LOOP ACADEMY......
06.07.2023 20:08:19 INFO  Hooks:33 - ...........END AUTOMATION.......LOOP ACADEMY.....
]]></system-out>
    <system-err><![CDATA[Starting ChromeDriver 114.0.5735.90 (386bc09e8f4f2e025eddae123f36f6263096ae49-refs/branch-heads/5735@{#1052}) on port 38006
Only local connections are allowed.
Please see https://chromedriver.chromium.org/security-considerations for suggestions on keeping ChromeDriver safe.
ChromeDriver was started successfully.
Jul 06, 2023 8:08:06 PM org.openqa.selenium.devtools.CdpVersionFinder findNearestMatch
WARNING: Unable to find an exact match for CDP version 114, so returning the closest version found: 112
]]></system-err>
  </testcase>
  <testcase name="Wikipedia Search Functionality for Steve Jobs #3" classname="Wikipedia Search Functionality" time="18.767">
    <system-out><![CDATA[06.07.2023 20:08:24 INFO  Hooks:21 - ...........START AUTOMATION.......LOOP ACADEMY......
06.07.2023 20:08:38 INFO  Hooks:33 - ...........END AUTOMATION.......LOOP ACADEMY.....
]]></system-out>
    <system-err><![CDATA[Starting ChromeDriver 114.0.5735.90 (386bc09e8f4f2e025eddae123f36f6263096ae49-refs/branch-heads/5735@{#1052}) on port 22870
Only local connections are allowed.
Please see https://chromedriver.chromium.org/security-considerations for suggestions on keeping ChromeDriver safe.
ChromeDriver was started successfully.
Jul 06, 2023 8:08:24 PM org.openqa.selenium.devtools.CdpVersionFinder findNearestMatch
WARNING: Unable to find an exact match for CDP version 114, so returning the closest version found: 112
]]></system-err>
  </testcase>
</testsuite>